# JRE version: Java(TM) SE Runtime Environment (7.0_67-b01) (build 1.7.0_67-b01)
# Java VM: Java HotSpot(TM) 64-Bit Server VM (24.65-b04 mixed mode windows-amd64 compressed oops)
Heap
 par new generation   total 235968K, used 119021K [0x00000005f0000000, 0x0000000600000000, 0x0000000600000000)
  eden space 209792K,  49% used [0x00000005f0000000, 0x00000005f64a3bc0, 0x00000005fcce0000)
  from space 26176K,  60% used [0x00000005fcce0000, 0x00000005fdc778c0, 0x00000005fe670000)
  to   space 26176K,   0% used [0x00000005fe670000, 0x00000005fe670000, 0x0000000600000000)
 concurrent mark-sweep generation total 927124K, used 556272K [0x0000000600000000, 0x0000000638965000, 0x00000007f0000000)
 concurrent-mark-sweep perm gen total 178396K, used 108678K [0x00000007f0000000, 0x00000007fae37000, 0x0000000800000000)
GC Heap History (10 events):
Event: 41.196 GC heap before
{Heap before GC invocations=73 (full 19):
 par new generation   total 235968K, used 230398K [0x00000005f0000000, 0x0000000600000000, 0x0000000600000000)
  eden space 209792K, 100% used [0x00000005f0000000, 0x00000005fcce0000, 0x00000005fcce0000)
  from space 26176K,  78% used [0x00000005fe670000, 0x00000005ffa8fbd0, 0x0000000600000000)
  to   space 26176K,   0% used [0x00000005fcce0000, 0x00000005fcce0000, 0x00000005fe670000)
 concurrent mark-sweep generation total 855316K, used 521596K [0x0000000600000000, 0x0000000634345000, 0x00000007f0000000)
 concurrent-mark-sweep perm gen total 162172K, used 102095K [0x00000007f0000000, 0x00000007f9e5f000, 0x0000000800000000)
Event: 41.205 GC heap after
Heap after GC invocations=74 (full 19):
 par new generation   total 235968K, used 20448K [0x00000005f0000000, 0x0000000600000000, 0x0000000600000000)
  eden space 209792K,   0% used [0x00000005f0000000, 0x00000005f0000000, 0x00000005fcce0000)
  from space 26176K,  78% used [0x00000005fcce0000, 0x00000005fe0d8170, 0x00000005fe670000)
  to   space 26176K,   0% used [0x00000005fe670000, 0x00000005fe670000, 0x0000000600000000)
 concurrent mark-sweep generation total 855316K, used 525194K [0x0000000600000000, 0x0000000634345000, 0x00000007f0000000)
 concurrent-mark-sweep perm gen total 162172K, used 102095K [0x00000007f0000000, 0x00000007f9e5f000, 0x0000000800000000)
}
Event: 41.543 GC heap before
{Heap before GC invocations=74 (full 19):
 par new generation   total 235968K, used 230240K [0x00000005f0000000, 0x0000000600000000, 0x0000000600000000)
  eden space 209792K, 100% used [0x00000005f0000000, 0x00000005fcce0000, 0x00000005fcce0000)
  from space 26176K,  78% used [0x00000005fcce0000, 0x00000005fe0d8170, 0x00000005fe670000)
  to   space 26176K,   0% used [0x00000005fe670000, 0x00000005fe670000, 0x0000000600000000)
 concurrent mark-sweep generation total 855316K, used 525194K [0x0000000600000000, 0x0000000634345000, 0x00000007f0000000)
 concurrent-mark-sweep perm gen total 162172K, used 103435K [0x00000007f0000000, 0x00000007f9e5f000, 0x0000000800000000)
Event: 41.552 GC heap after
Heap after GC invocations=75 (full 19):
 par new generation   total 235968K, used 18233K [0x00000005f0000000, 0x0000000600000000, 0x0000000600000000)
  eden space 209792K,   0% used [0x00000005f0000000, 0x00000005f0000000, 0x00000005fcce0000)
  from space 26176K,  69% used [0x00000005fe670000, 0x00000005ff83e5b8, 0x0000000600000000)
  to   space 26176K,   0% used [0x00000005fcce0000, 0x00000005fcce0000, 0x00000005fe670000)
 concurrent mark-sweep generation total 855316K, used 528892K [0x0000000600000000, 0x0000000634345000, 0x00000007f0000000)
 concurrent-mark-sweep perm gen total 162172K, used 103435K [0x00000007f0000000, 0x00000007f9e5f000, 0x0000000800000000)
}
Event: 42.302 GC heap before
{Heap before GC invocations=75 (full 19):
 par new generation   total 235968K, used 228025K [0x00000005f0000000, 0x0000000600000000, 0x0000000600000000)
  eden space 209792K, 100% used [0x00000005f0000000, 0x00000005fcce0000, 0x00000005fcce0000)
  from space 26176K,  69% used [0x00000005fe670000, 0x00000005ff83e5b8, 0x0000000600000000)
  to   space 26176K,   0% used [0x00000005fcce0000, 0x00000005fcce0000, 0x00000005fe670000)
 concurrent mark-sweep generation total 855316K, used 528892K [0x0000000600000000, 0x0000000634345000, 0x00000007f0000000)
 concurrent-mark-sweep perm gen total 162172K, used 104604K [0x00000007f0000000, 0x00000007f9e5f000, 0x0000000800000000)
Event: 42.317 GC heap after
Heap after GC invocations=76 (full 19):
 par new generation   total 235968K, used 26176K [0x00000005f0000000, 0x0000000600000000, 0x0000000600000000)
  eden space 209792K,   0% used [0x00000005f0000000, 0x00000005f0000000, 0x00000005fcce0000)
  from space 26176K, 100% used [0x00000005fcce0000, 0x00000005fe670000, 0x00000005fe670000)
  to   space 26176K,   0% used [0x00000005fe670000, 0x00000005fe670000, 0x0000000600000000)
 concurrent mark-sweep generation total 855316K, used 532737K [0x0000000600000000, 0x0000000634345000, 0x00000007f0000000)
 concurrent-mark-sweep perm gen total 162172K, used 104604K [0x00000007f0000000, 0x00000007f9e5f000, 0x0000000800000000)
}
Event: 42.749 GC heap before
{Heap before GC invocations=76 (full 19):
 par new generation   total 235968K, used 235968K [0x00000005f0000000, 0x0000000600000000, 0x0000000600000000)
  eden space 209792K, 100% used [0x00000005f0000000, 0x00000005fcce0000, 0x00000005fcce0000)
  from space 26176K, 100% used [0x00000005fcce0000, 0x00000005fe670000, 0x00000005fe670000)
  to   space 26176K,   0% used [0x00000005fe670000, 0x00000005fe670000, 0x0000000600000000)
 concurrent mark-sweep generation total 855316K, used 532272K [0x0000000600000000, 0x0000000634345000, 0x00000007f0000000)
 concurrent-mark-sweep perm gen total 162172K, used 106307K [0x00000007f0000000, 0x00000007f9e5f000, 0x0000000800000000)
Event: 42.777 GC heap after
Heap after GC invocations=77 (full 19):
 par new generation   total 235968K, used 23784K [0x00000005f0000000, 0x0000000600000000, 0x0000000600000000)
  eden space 209792K,   0% used [0x00000005f0000000, 0x00000005f0000000, 0x00000005fcce0000)
  from space 26176K,  90% used [0x00000005fe670000, 0x00000005ffdaa178, 0x0000000600000000)
  to   space 26176K,   0% used [0x00000005fcce0000, 0x00000005fcce0000, 0x00000005fe670000)
 concurrent mark-sweep generation total 855316K, used 557667K [0x0000000600000000, 0x0000000634345000, 0x00000007f0000000)
 concurrent-mark-sweep perm gen total 162172K, used 106307K [0x00000007f0000000, 0x00000007f9e5f000, 0x0000000800000000)
}
Event: 43.157 GC heap before
{Heap before GC invocations=77 (full 19):
 par new generation   total 235968K, used 233576K [0x00000005f0000000, 0x0000000600000000, 0x0000000600000000)
  eden space 209792K, 100% used [0x00000005f0000000, 0x00000005fcce0000, 0x00000005fcce0000)
  from space 26176K,  90% used [0x00000005fe670000, 0x00000005ffdaa178, 0x0000000600000000)
  to   space 26176K,   0% used [0x00000005fcce0000, 0x00000005fcce0000, 0x00000005fe670000)
 concurrent mark-sweep generation total 927124K, used 556272K [0x0000000600000000, 0x0000000638965000, 0x00000007f0000000)
 concurrent-mark-sweep perm gen total 178396K, used 107979K [0x00000007f0000000, 0x00000007fae37000, 0x0000000800000000)
Event: 43.165 GC heap after
Heap after GC invocations=78 (full 19):
 par new generation   total 235968K, used 15966K [0x00000005f0000000, 0x0000000600000000, 0x0000000600000000)
  eden space 209792K,   0% used [0x00000005f0000000, 0x00000005f0000000, 0x00000005fcce0000)
  from space 26176K,  60% used [0x00000005fcce0000, 0x00000005fdc778c0, 0x00000005fe670000)
  to   space 26176K,   0% used [0x00000005fe670000, 0x00000005fe670000, 0x0000000600000000)
 concurrent mark-sweep generation total 927124K, used 556272K [0x0000000600000000, 0x0000000638965000, 0x00000007f0000000)
 concurrent-mark-sweep perm gen total 178396K, used 107979K [0x00000007f0000000, 0x00000007fae37000, 0x0000000800000000)
}

